This is pdfTeX, Version 3.141592653-2.6-1.40.27 (TeX Live 2025) (preloaded format=pdflatex 2025.3.8)  20 JUL 2025 09:08
entering extended mode
 restricted \write18 enabled.
 file:line:error style messages enabled.
 %&-line parsing enabled.
**sdsa_brief.tex
(./sdsa_brief.tex
LaTeX2e <2024-11-01> patch level 2
L3 programming layer <2025-01-18>
(/usr/local/texlive/2025/texmf-dist/tex/latex/base/article.cls
Document Class: article 2024/06/29 v1.4n Standard LaTeX document class
(/usr/local/texlive/2025/texmf-dist/tex/latex/base/size10.clo
File: size10.clo 2024/06/29 v1.4n Standard LaTeX file (size option)
)
\c@part=\count196
\c@section=\count197
\c@subsection=\count198
\c@subsubsection=\count199
\c@paragraph=\count266
\c@subparagraph=\count267
\c@figure=\count268
\c@table=\count269
\abovecaptionskip=\skip49
\belowcaptionskip=\skip50
\bibindent=\dimen141
)
(/usr/local/texlive/2025/texmf-dist/tex/latex/threeparttable/threeparttable.sty
Package: threeparttable 2003/06/13  v 3.0
\@tempboxb=\box52
) (/usr/local/texlive/2025/texmf-dist/tex/latex/graphics/graphicx.sty
Package: graphicx 2021/09/16 v1.2d Enhanced LaTeX Graphics (DPC,SPQR)

(/usr/local/texlive/2025/texmf-dist/tex/latex/graphics/keyval.sty
Package: keyval 2022/05/29 v1.15 key=value parser (DPC)
\KV@toks@=\toks17
)
(/usr/local/texlive/2025/texmf-dist/tex/latex/graphics/graphics.sty
Package: graphics 2024/08/06 v1.4g Standard LaTeX Graphics (DPC,SPQR)

(/usr/local/texlive/2025/texmf-dist/tex/latex/graphics/trig.sty
Package: trig 2023/12/02 v1.11 sin cos tan (DPC)
)
(/usr/local/texlive/2025/texmf-dist/tex/latex/graphics-cfg/graphics.cfg
File: graphics.cfg 2016/06/04 v1.11 sample graphics configuration
)
Package graphics Info: Driver file: pdftex.def on input line 106.

(/usr/local/texlive/2025/texmf-dist/tex/latex/graphics-def/pdftex.def
File: pdftex.def 2024/04/13 v1.2c Graphics/color driver for pdftex
))
\Gin@req@height=\dimen142
\Gin@req@width=\dimen143
)
(/usr/local/texlive/2025/texmf-dist/tex/latex/caption/subcaption.sty
Package: subcaption 2023/07/28 v1.6b Sub-captions (AR)

(/usr/local/texlive/2025/texmf-dist/tex/latex/caption/caption.sty
Package: caption 2023/08/05 v3.6o Customizing captions (AR)

(/usr/local/texlive/2025/texmf-dist/tex/latex/caption/caption3.sty
Package: caption3 2023/07/31 v2.4d caption3 kernel (AR)
\caption@tempdima=\dimen144
\captionmargin=\dimen145
\caption@leftmargin=\dimen146
\caption@rightmargin=\dimen147
\caption@width=\dimen148
\caption@indent=\dimen149
\caption@parindent=\dimen150
\caption@hangindent=\dimen151
Package caption Info: Standard document class detected.
)
\c@caption@flags=\count270
\c@continuedfloat=\count271
Package caption Info: threeparttable package is loaded.
)
Package caption Info: New subtype `subfigure' on input line 238.
\c@subfigure=\count272
Package caption Info: New subtype `subtable' on input line 238.
\c@subtable=\count273
)
(/usr/local/texlive/2025/texmf-dist/tex/latex/geometry/geometry.sty
Package: geometry 2020/01/02 v5.9 Page Geometry

(/usr/local/texlive/2025/texmf-dist/tex/generic/iftex/ifvtex.sty
Package: ifvtex 2019/10/25 v1.7 ifvtex legacy package. Use iftex instead.

(/usr/local/texlive/2025/texmf-dist/tex/generic/iftex/iftex.sty
Package: iftex 2024/12/12 v1.0g TeX engine tests
))
\Gm@cnth=\count274
\Gm@cntv=\count275
\c@Gm@tempcnt=\count276
\Gm@bindingoffset=\dimen152
\Gm@wd@mp=\dimen153
\Gm@odd@mp=\dimen154
\Gm@even@mp=\dimen155
\Gm@layoutwidth=\dimen156
\Gm@layoutheight=\dimen157
\Gm@layouthoffset=\dimen158
\Gm@layoutvoffset=\dimen159
\Gm@dimlist=\toks18
)
(/usr/local/texlive/2025/texmf-dist/tex/latex/biblatex/biblatex.sty
Package: biblatex 2024/03/21 v3.20 programmable bibliographies (PK/MW)

(/usr/local/texlive/2025/texmf-dist/tex/generic/pdftexcmds/pdftexcmds.sty
Package: pdftexcmds 2020-06-27 v0.33 Utility functions of pdfTeX for LuaTeX (HO
)

(/usr/local/texlive/2025/texmf-dist/tex/generic/infwarerr/infwarerr.sty
Package: infwarerr 2019/12/03 v1.5 Providing info/warning/error messages (HO)
)
(/usr/local/texlive/2025/texmf-dist/tex/generic/ltxcmds/ltxcmds.sty
Package: ltxcmds 2023-12-04 v1.26 LaTeX kernel commands for general use (HO)
)
Package pdftexcmds Info: \pdf@primitive is available.
Package pdftexcmds Info: \pdf@ifprimitive is available.
Package pdftexcmds Info: \pdfdraftmode found.
)
(/usr/local/texlive/2025/texmf-dist/tex/latex/etoolbox/etoolbox.sty
Package: etoolbox 2025/02/11 v2.5l e-TeX tools for LaTeX (JAW)
\etb@tempcnta=\count277
)
(/usr/local/texlive/2025/texmf-dist/tex/latex/kvoptions/kvoptions.sty
Package: kvoptions 2022-06-15 v3.15 Key value format for package options (HO)

(/usr/local/texlive/2025/texmf-dist/tex/latex/kvsetkeys/kvsetkeys.sty
Package: kvsetkeys 2022-10-05 v1.19 Key value parser (HO)
))
(/usr/local/texlive/2025/texmf-dist/tex/latex/logreq/logreq.sty
Package: logreq 2010/08/04 v1.0 xml request logger
\lrq@indent=\count278

(/usr/local/texlive/2025/texmf-dist/tex/latex/logreq/logreq.def
File: logreq.def 2010/08/04 v1.0 logreq spec v1.0
))
(/usr/local/texlive/2025/texmf-dist/tex/latex/base/ifthen.sty
Package: ifthen 2024/03/16 v1.1e Standard LaTeX ifthen package (DPC)
)
(/usr/local/texlive/2025/texmf-dist/tex/latex/url/url.sty
\Urlmuskip=\muskip17
Package: url 2013/09/16  ver 3.4  Verb mode for urls, etc.
)
\c@tabx@nest=\count279
\c@listtotal=\count280
\c@listcount=\count281
\c@liststart=\count282
\c@liststop=\count283
\c@citecount=\count284
\c@citetotal=\count285
\c@multicitecount=\count286
\c@multicitetotal=\count287
\c@instcount=\count288
\c@maxnames=\count289
\c@minnames=\count290
\c@maxitems=\count291
\c@minitems=\count292
\c@citecounter=\count293
\c@maxcitecounter=\count294
\c@savedcitecounter=\count295
\c@uniquelist=\count296
\c@uniquename=\count297
\c@refsection=\count298
\c@refsegment=\count299
\c@maxextratitle=\count300
\c@maxextratitleyear=\count301
\c@maxextraname=\count302
\c@maxextradate=\count303
\c@maxextraalpha=\count304
\c@abbrvpenalty=\count305
\c@highnamepenalty=\count306
\c@lownamepenalty=\count307
\c@maxparens=\count308
\c@parenlevel=\count309
\blx@tempcnta=\count310
\blx@tempcntb=\count311
\blx@tempcntc=\count312
\c@blx@maxsection=\count313
\blx@maxsegment@0=\count314
\blx@notetype=\count315
\blx@parenlevel@text=\count316
\blx@parenlevel@foot=\count317
\blx@sectionciteorder@0=\count318
\blx@sectionciteorderinternal@0=\count319
\blx@entrysetcounter=\count320
\blx@biblioinstance=\count321
\labelnumberwidth=\skip51
\labelalphawidth=\skip52
\biblabelsep=\skip53
\bibitemsep=\skip54
\bibnamesep=\skip55
\bibinitsep=\skip56
\bibparsep=\skip57
\bibhang=\skip58
\blx@bcfin=\read2
\blx@bcfout=\write3
\blx@langwohyphens=\language90
\c@mincomprange=\count322
\c@maxcomprange=\count323
\c@mincompwidth=\count324
Package biblatex Info: Trying to load biblatex default data model...
Package biblatex Info: ... file 'blx-dm.def' found.

(/usr/local/texlive/2025/texmf-dist/tex/latex/biblatex/blx-dm.def
File: blx-dm.def 2024/03/21 v3.20 biblatex datamodel (PK/MW)
)
Package biblatex Info: Trying to load biblatex style data model...
Package biblatex Info: ... file 'authoryear.dbx' not found.
Package biblatex Info: Trying to load biblatex custom data model...
Package biblatex Info: ... file 'biblatex-dm.cfg' not found.
\c@afterword=\count325
\c@savedafterword=\count326
\c@annotator=\count327
\c@savedannotator=\count328
\c@author=\count329
\c@savedauthor=\count330
\c@bookauthor=\count331
\c@savedbookauthor=\count332
\c@commentator=\count333
\c@savedcommentator=\count334
\c@editor=\count335
\c@savededitor=\count336
\c@editora=\count337
\c@savededitora=\count338
\c@editorb=\count339
\c@savededitorb=\count340
\c@editorc=\count341
\c@savededitorc=\count342
\c@foreword=\count343
\c@savedforeword=\count344
\c@holder=\count345
\c@savedholder=\count346
\c@introduction=\count347
\c@savedintroduction=\count348
\c@namea=\count349
\c@savednamea=\count350
\c@nameb=\count351
\c@savednameb=\count352
\c@namec=\count353
\c@savednamec=\count354
\c@translator=\count355
\c@savedtranslator=\count356
\c@shortauthor=\count357
\c@savedshortauthor=\count358
\c@shorteditor=\count359
\c@savedshorteditor=\count360
\c@labelname=\count361
\c@savedlabelname=\count362
\c@institution=\count363
\c@savedinstitution=\count364
\c@lista=\count365
\c@savedlista=\count366
\c@listb=\count367
\c@savedlistb=\count368
\c@listc=\count369
\c@savedlistc=\count370
\c@listd=\count371
\c@savedlistd=\count372
\c@liste=\count373
\c@savedliste=\count374
\c@listf=\count375
\c@savedlistf=\count376
\c@location=\count377
\c@savedlocation=\count378
\c@organization=\count379
\c@savedorganization=\count380
\c@origlocation=\count381
\c@savedoriglocation=\count382
\c@origpublisher=\count383
\c@savedorigpublisher=\count384
\c@publisher=\count385
\c@savedpublisher=\count386
\c@language=\count387
\c@savedlanguage=\count388
\c@origlanguage=\count389
\c@savedoriglanguage=\count390
\c@pageref=\count391
\c@savedpageref=\count392
\shorthandwidth=\skip59
\shortjournalwidth=\skip60
\shortserieswidth=\skip61
\shorttitlewidth=\skip62
\shortauthorwidth=\skip63
\shorteditorwidth=\skip64
\locallabelnumberwidth=\skip65
\locallabelalphawidth=\skip66
\localshorthandwidth=\skip67
\localshortjournalwidth=\skip68
\localshortserieswidth=\skip69
\localshorttitlewidth=\skip70
\localshortauthorwidth=\skip71
\localshorteditorwidth=\skip72
Package biblatex Info: Trying to load compatibility code...
Package biblatex Info: ... file 'blx-compat.def' found.

(/usr/local/texlive/2025/texmf-dist/tex/latex/biblatex/blx-compat.def
File: blx-compat.def 2024/03/21 v3.20 biblatex compatibility (PK/MW)
)
Package biblatex Info: Trying to load BibTeX backend compatibility...
Package biblatex Info: ... file 'blx-bibtex.def' found.

(/usr/local/texlive/2025/texmf-dist/tex/latex/biblatex/blx-bibtex.def
File: blx-bibtex.def 2024/03/21 v3.20 biblatex compatibility (PK/MW)


Package biblatex Warning: Using fall-back bibtex backend:
(biblatex)                functionality may be reduced/unavailable.

)
Package biblatex Info: Trying to load generic definitions...
Package biblatex Info: ... file 'biblatex.def' found.
 (/usr/local/texlive/2025/texmf-dist/tex/latex/biblatex/biblatex.def
File: biblatex.def 2024/03/21 v3.20 biblatex compatibility (PK/MW)
\c@textcitecount=\count393
\c@textcitetotal=\count394
\c@textcitemaxnames=\count395
\c@biburlbigbreakpenalty=\count396
\c@biburlbreakpenalty=\count397
\c@biburlnumpenalty=\count398
\c@biburlucpenalty=\count399
\c@biburllcpenalty=\count400
\biburlbigskip=\muskip18
\biburlnumskip=\muskip19
\biburlucskip=\muskip20
\biburllcskip=\muskip21
\c@smartand=\count401
)
Package biblatex Info: Trying to load bibliography style 'authoryear'...
Package biblatex Info: ... file 'authoryear.bbx' found.

(/usr/local/texlive/2025/texmf-dist/tex/latex/biblatex/bbx/authoryear.bbx
File: authoryear.bbx 2024/03/21 v3.20 biblatex bibliography style (PK/MW)
Package biblatex Info: Trying to load bibliography style 'standard'...
Package biblatex Info: ... file 'standard.bbx' found.

(/usr/local/texlive/2025/texmf-dist/tex/latex/biblatex/bbx/standard.bbx
File: standard.bbx 2024/03/21 v3.20 biblatex bibliography style (PK/MW)
\c@bbx:relatedcount=\count402
\c@bbx:relatedtotal=\count403
))
Package biblatex Info: Trying to load citation style 'authoryear'...
Package biblatex Info: ... file 'authoryear.cbx' found.

(/usr/local/texlive/2025/texmf-dist/tex/latex/biblatex/cbx/authoryear.cbx
File: authoryear.cbx 2024/03/21 v3.20 biblatex citation style (PK/MW)
Package biblatex Info: Redefining '\cite'.
Package biblatex Info: Redefining '\parencite'.
Package biblatex Info: Redefining '\footcite'.
Package biblatex Info: Redefining '\footcitetext'.
Package biblatex Info: Redefining '\smartcite'.
Package biblatex Info: Redefining '\textcite'.
Package biblatex Info: Redefining '\textcites'.
)
Package biblatex Info: Trying to load configuration file...
Package biblatex Info: ... file 'biblatex.cfg' found.

(/usr/local/texlive/2025/texmf-dist/tex/latex/biblatex/biblatex.cfg
File: biblatex.cfg 
)
Package biblatex Info: Input encoding 'utf8' detected.
Package biblatex Info: Document encoding is UTF8 ....

(/usr/local/texlive/2025/texmf-dist/tex/latex/l3kernel/expl3.sty
Package: expl3 2025-01-18 L3 programming layer (loader) 

(/usr/local/texlive/2025/texmf-dist/tex/latex/l3backend/l3backend-pdftex.def
File: l3backend-pdftex.def 2024-05-08 L3 backend support: PDF output (pdfTeX)
\l__color_backend_stack_int=\count404
\l__pdf_internal_box=\box53
))
Package biblatex Info: ... and expl3
(biblatex)             2025-01-18 L3 programming layer (loader) 
(biblatex)             is new enough (at least 2020/04/06),
(biblatex)             setting 'casechanger=expl3'.

(/usr/local/texlive/2025/texmf-dist/tex/latex/biblatex/blx-case-expl3.sty
(/usr/local/texlive/2025/texmf-dist/tex/latex/l3packages/xparse/xparse.sty
Package: xparse 2024-08-16 L3 Experimental document command parser
)
Package: blx-case-expl3 2024/03/21 v3.20 expl3 case changing code for biblatex
))
(/usr/local/texlive/2025/texmf-dist/tex/latex/hyperref/hyperref.sty
Package: hyperref 2024-11-05 v7.01l Hypertext links for LaTeX

(/usr/local/texlive/2025/texmf-dist/tex/generic/kvdefinekeys/kvdefinekeys.sty
Package: kvdefinekeys 2019-12-19 v1.6 Define keys (HO)
)
(/usr/local/texlive/2025/texmf-dist/tex/generic/pdfescape/pdfescape.sty
Package: pdfescape 2019/12/09 v1.15 Implements pdfTeX's escape features (HO)
)
(/usr/local/texlive/2025/texmf-dist/tex/latex/hycolor/hycolor.sty
Package: hycolor 2020-01-27 v1.10 Color options for hyperref/bookmark (HO)
)
(/usr/local/texlive/2025/texmf-dist/tex/latex/hyperref/nameref.sty
Package: nameref 2023-11-26 v2.56 Cross-referencing by name of section

(/usr/local/texlive/2025/texmf-dist/tex/latex/refcount/refcount.sty
Package: refcount 2019/12/15 v3.6 Data extraction from label references (HO)
)
(/usr/local/texlive/2025/texmf-dist/tex/generic/gettitlestring/gettitlestring.s
ty
Package: gettitlestring 2019/12/15 v1.6 Cleanup title references (HO)
)
\c@section@level=\count405
) (/usr/local/texlive/2025/texmf-dist/tex/generic/stringenc/stringenc.sty
Package: stringenc 2019/11/29 v1.12 Convert strings between diff. encodings (HO
)
)
\@linkdim=\dimen160
\Hy@linkcounter=\count406
\Hy@pagecounter=\count407

(/usr/local/texlive/2025/texmf-dist/tex/latex/hyperref/pd1enc.def
File: pd1enc.def 2024-11-05 v7.01l Hyperref: PDFDocEncoding definition (HO)
Now handling font encoding PD1 ...
... no UTF-8 mapping file for font encoding PD1
)
(/usr/local/texlive/2025/texmf-dist/tex/generic/intcalc/intcalc.sty
Package: intcalc 2019/12/15 v1.3 Expandable calculations with integers (HO)
)
\Hy@SavedSpaceFactor=\count408

(/usr/local/texlive/2025/texmf-dist/tex/latex/hyperref/puenc.def
File: puenc.def 2024-11-05 v7.01l Hyperref: PDF Unicode definition (HO)
Now handling font encoding PU ...
... no UTF-8 mapping file for font encoding PU
)
Package hyperref Info: Hyper figures OFF on input line 4157.
Package hyperref Info: Link nesting OFF on input line 4162.
Package hyperref Info: Hyper index ON on input line 4165.
Package hyperref Info: Plain pages OFF on input line 4172.
Package hyperref Info: Backreferencing OFF on input line 4177.
Package hyperref Info: Implicit mode ON; LaTeX internals redefined.
Package hyperref Info: Bookmarks ON on input line 4424.
\c@Hy@tempcnt=\count409
LaTeX Info: Redefining \url on input line 4763.
\XeTeXLinkMargin=\dimen161

(/usr/local/texlive/2025/texmf-dist/tex/generic/bitset/bitset.sty
Package: bitset 2019/12/09 v1.3 Handle bit-vector datatype (HO)

(/usr/local/texlive/2025/texmf-dist/tex/generic/bigintcalc/bigintcalc.sty
Package: bigintcalc 2019/12/15 v1.5 Expandable calculations on big integers (HO
)
))
\Fld@menulength=\count410
\Field@Width=\dimen162
\Fld@charsize=\dimen163
Package hyperref Info: Hyper figures OFF on input line 6042.
Package hyperref Info: Link nesting OFF on input line 6047.
Package hyperref Info: Hyper index ON on input line 6050.
Package hyperref Info: backreferencing OFF on input line 6057.
Package hyperref Info: Link coloring OFF on input line 6062.
Package hyperref Info: Link coloring with OCG OFF on input line 6067.
Package hyperref Info: PDF/A mode OFF on input line 6072.

(/usr/local/texlive/2025/texmf-dist/tex/latex/base/atbegshi-ltx.sty
Package: atbegshi-ltx 2021/01/10 v1.0c Emulation of the original atbegshi
package with kernel methods
)
\Hy@abspage=\count411
\c@Item=\count412
\c@Hfootnote=\count413
)
Package hyperref Info: Driver (autodetected): hpdftex.

(/usr/local/texlive/2025/texmf-dist/tex/latex/hyperref/hpdftex.def
File: hpdftex.def 2024-11-05 v7.01l Hyperref driver for pdfTeX

(/usr/local/texlive/2025/texmf-dist/tex/latex/base/atveryend-ltx.sty
Package: atveryend-ltx 2020/08/19 v1.0a Emulation of the original atveryend pac
kage
with kernel methods
)
\Fld@listcount=\count414
\c@bookmark@seq@number=\count415

(/usr/local/texlive/2025/texmf-dist/tex/latex/rerunfilecheck/rerunfilecheck.sty
Package: rerunfilecheck 2022-07-10 v1.10 Rerun checks for auxiliary files (HO)

(/usr/local/texlive/2025/texmf-dist/tex/generic/uniquecounter/uniquecounter.sty
Package: uniquecounter 2019/12/15 v1.4 Provide unlimited unique counter (HO)
)
Package uniquecounter Info: New unique counter `rerunfilecheck' on input line 2
85.
)
\Hy@SectionHShift=\skip73
) (/usr/local/texlive/2025/texmf-dist/tex/latex/tools/tabularx.sty
Package: tabularx 2023/12/11 v2.12a `tabularx' package (DPC)

(/usr/local/texlive/2025/texmf-dist/tex/latex/tools/array.sty
Package: array 2024/10/17 v2.6g Tabular extension package (FMi)
\col@sep=\dimen164
\ar@mcellbox=\box54
\extrarowheight=\dimen165
\NC@list=\toks19
\extratabsurround=\skip74
\backup@length=\skip75
\ar@cellbox=\box55
)
\TX@col@width=\dimen166
\TX@old@table=\dimen167
\TX@old@col=\dimen168
\TX@target=\dimen169
\TX@delta=\dimen170
\TX@cols=\count416
\TX@ftn=\toks20
)
(/usr/local/texlive/2025/texmf-dist/tex/latex/mdwtools/footnote.sty
Package: footnote 1997/01/28 1.13 Save footnotes around boxes
\fn@notes=\box56
\fn@width=\dimen171
)
(/usr/local/texlive/2025/texmf-dist/tex/latex/amsmath/amsmath.sty
Package: amsmath 2024/11/05 v2.17t AMS math features
\@mathmargin=\skip76

For additional information on amsmath, use the `?' option.
(/usr/local/texlive/2025/texmf-dist/tex/latex/amsmath/amstext.sty
Package: amstext 2021/08/26 v2.01 AMS text

(/usr/local/texlive/2025/texmf-dist/tex/latex/amsmath/amsgen.sty
File: amsgen.sty 1999/11/30 v2.0 generic functions
\@emptytoks=\toks21
\ex@=\dimen172
))
(/usr/local/texlive/2025/texmf-dist/tex/latex/amsmath/amsbsy.sty
Package: amsbsy 1999/11/29 v1.2d Bold Symbols
\pmbraise@=\dimen173
)
(/usr/local/texlive/2025/texmf-dist/tex/latex/amsmath/amsopn.sty
Package: amsopn 2022/04/08 v2.04 operator names
)
\inf@bad=\count417
LaTeX Info: Redefining \frac on input line 233.
\uproot@=\count418
\leftroot@=\count419
LaTeX Info: Redefining \overline on input line 398.
LaTeX Info: Redefining \colon on input line 409.
\classnum@=\count420
\DOTSCASE@=\count421
LaTeX Info: Redefining \ldots on input line 495.
LaTeX Info: Redefining \dots on input line 498.
LaTeX Info: Redefining \cdots on input line 619.
\Mathstrutbox@=\box57
\strutbox@=\box58
LaTeX Info: Redefining \big on input line 721.
LaTeX Info: Redefining \Big on input line 722.
LaTeX Info: Redefining \bigg on input line 723.
LaTeX Info: Redefining \Bigg on input line 724.
\big@size=\dimen174
LaTeX Font Info:    Redeclaring font encoding OML on input line 742.
LaTeX Font Info:    Redeclaring font encoding OMS on input line 743.
\macc@depth=\count422
LaTeX Info: Redefining \bmod on input line 904.
LaTeX Info: Redefining \pmod on input line 909.
LaTeX Info: Redefining \smash on input line 939.
LaTeX Info: Redefining \relbar on input line 969.
LaTeX Info: Redefining \Relbar on input line 970.
\c@MaxMatrixCols=\count423
\dotsspace@=\muskip22
\c@parentequation=\count424
\dspbrk@lvl=\count425
\tag@help=\toks22
\row@=\count426
\column@=\count427
\maxfields@=\count428
\andhelp@=\toks23
\eqnshift@=\dimen175
\alignsep@=\dimen176
\tagshift@=\dimen177
\tagwidth@=\dimen178
\totwidth@=\dimen179
\lineht@=\dimen180
\@envbody=\toks24
\multlinegap=\skip77
\multlinetaggap=\skip78
\mathdisplay@stack=\toks25
LaTeX Info: Redefining \[ on input line 2953.
LaTeX Info: Redefining \] on input line 2954.
)
\@quotelevel=\count429
\@quotereset=\count430

(./sdsa_brief.aux)
\openout1 = `sdsa_brief.aux'.

LaTeX Font Info:    Checking defaults for OML/cmm/m/it on input line 22.
LaTeX Font Info:    ... okay on input line 22.
LaTeX Font Info:    Checking defaults for OMS/cmsy/m/n on input line 22.
LaTeX Font Info:    ... okay on input line 22.
LaTeX Font Info:    Checking defaults for OT1/cmr/m/n on input line 22.
LaTeX Font Info:    ... okay on input line 22.
LaTeX Font Info:    Checking defaults for T1/cmr/m/n on input line 22.
LaTeX Font Info:    ... okay on input line 22.
LaTeX Font Info:    Checking defaults for TS1/cmr/m/n on input line 22.
LaTeX Font Info:    ... okay on input line 22.
LaTeX Font Info:    Checking defaults for OMX/cmex/m/n on input line 22.
LaTeX Font Info:    ... okay on input line 22.
LaTeX Font Info:    Checking defaults for U/cmr/m/n on input line 22.
LaTeX Font Info:    ... okay on input line 22.
LaTeX Font Info:    Checking defaults for PD1/pdf/m/n on input line 22.
LaTeX Font Info:    ... okay on input line 22.
LaTeX Font Info:    Checking defaults for PU/pdf/m/n on input line 22.
LaTeX Font Info:    ... okay on input line 22.

(/usr/local/texlive/2025/texmf-dist/tex/context/base/mkii/supp-pdf.mkii
[Loading MPS to PDF converter (version 2006.09.02).]
\scratchcounter=\count431
\scratchdimen=\dimen181
\scratchbox=\box59
\nofMPsegments=\count432
\nofMParguments=\count433
\everyMPshowfont=\toks26
\MPscratchCnt=\count434
\MPscratchDim=\dimen182
\MPnumerator=\count435
\makeMPintoPDFobject=\count436
\everyMPtoPDFconversion=\toks27
) (/usr/local/texlive/2025/texmf-dist/tex/latex/epstopdf-pkg/epstopdf-base.sty
Package: epstopdf-base 2020-01-24 v2.11 Base part for package epstopdf

(/usr/local/texlive/2025/texmf-dist/tex/latex/grfext/grfext.sty
Package: grfext 2019/12/03 v1.3 Manage graphics extensions (HO)
)
Package epstopdf-base Info: Redefining graphics rule for `.eps' on input line 4
85.
Package grfext Info: Graphics extension search list:
(grfext)             [.pdf,.png,.jpg,.mps,.jpeg,.jbig2,.jb2,.PDF,.PNG,.JPG,.JPE
G,.JBIG2,.JB2,.eps]
(grfext)             \AppendGraphicsExtensions on input line 504.

(/usr/local/texlive/2025/texmf-dist/tex/latex/latexconfig/epstopdf-sys.cfg
File: epstopdf-sys.cfg 2010/07/13 v1.3 Configuration of (r)epstopdf for TeX Liv
e
))
Package caption Info: Begin \AtBeginDocument code.
Package caption Info: hyperref package is loaded.
Package caption Info: End \AtBeginDocument code.

*geometry* driver: auto-detecting
*geometry* detected driver: pdftex
*geometry* verbose mode - [ preamble ] result:
* driver: pdftex
* paper: <default>
* layout: <same size as paper>
* layoutoffset:(h,v)=(0.0pt,0.0pt)
* modes: 
* h-part:(L,W,R)=(72.26999pt, 469.75502pt, 72.26999pt)
* v-part:(T,H,B)=(72.26999pt, 650.43001pt, 72.26999pt)
* \paperwidth=614.295pt
* \paperheight=794.96999pt
* \textwidth=469.75502pt
* \textheight=650.43001pt
* \oddsidemargin=0.0pt
* \evensidemargin=0.0pt
* \topmargin=-37.0pt
* \headheight=12.0pt
* \headsep=25.0pt
* \topskip=10.0pt
* \footskip=30.0pt
* \marginparwidth=65.0pt
* \marginparsep=11.0pt
* \columnsep=10.0pt
* \skip\footins=9.0pt plus 4.0pt minus 2.0pt
* \hoffset=0.0pt
* \voffset=0.0pt
* \mag=1000
* \@twocolumnfalse
* \@twosidefalse
* \@mparswitchfalse
* \@reversemarginfalse
* (1in=72.27pt=25.4mm, 1cm=28.453pt)

Package biblatex Info: Trying to load language 'english'...
Package biblatex Info: ... file 'english.lbx' found.
(/usr/local/texlive/2025/texmf-dist/tex/latex/biblatex/lbx/english.lbx
File: english.lbx 2024/03/21 v3.20 biblatex localization (PK/MW)
)
Package biblatex Info: Input encoding 'utf8' detected.
Package biblatex Info: Automatic encoding selection.
(biblatex)             Assuming data encoding 'utf8'.
Package biblatex Info: Input encoding 'utf8' detected.
Package biblatex Info: Data encoding 'utf8' specified.
(biblatex)             No need to reencode data.
\openout3 = `sdsa_brief-blx.bib'.

Package biblatex Info: Trying to load bibliographic data...
Package biblatex Info: ... file 'sdsa_brief.bbl' found.

(./sdsa_brief.bbl)
Package biblatex Info: Reference section=0 on input line 22.
Package biblatex Info: Reference segment=0 on input line 22.
Package hyperref Info: Link coloring OFF on input line 22.
 (./sdsa_brief.out) (./sdsa_brief.out)
\@outlinefile=\write4
\openout4 = `sdsa_brief.out'.

 (./sdsa_brief.toc)
\tf@toc=\write5
\openout5 = `sdsa_brief.toc'.



LaTeX Warning: Reference `sec:appendix1' on page 1 undefined on input line 51.



[1

{/usr/local/texlive/2025/texmf-var/fonts/map/pdftex/updmap/pdftex.map}{/usr/loc
al/texlive/2025/texmf-dist/fonts/enc/dvips/cm-super/cm-super-ts1.enc}]

LaTeX Warning: Reference `sec:xt_au_toggling' on page 2 undefined on input line
 70.


LaTeX Warning: Reference `fig:debt_dynamics' on page 2 undefined on input line 
72.


LaTeX Warning: Reference `sec:sdsa_starter_random_walk' on page 2 undefined on 
input line 80.



[2]

LaTeX Warning: Reference `sec:appendix1' on page 3 undefined on input line 89.


Package hyperref Warning: Token not allowed in a PDF string (Unicode):
(hyperref)                removing `math shift' on input line 92.


Package hyperref Warning: Token not allowed in a PDF string (Unicode):
(hyperref)                removing `math shift' on input line 92.


Package hyperref Warning: Token not allowed in a PDF string (Unicode):
(hyperref)                removing `math shift' on input line 92.


Package hyperref Warning: Token not allowed in a PDF string (Unicode):
(hyperref)                removing `math shift' on input line 92.


Package hyperref Warning: Token not allowed in a PDF string (Unicode):
(hyperref)                removing `math shift' on input line 92.


Package hyperref Warning: Token not allowed in a PDF string (Unicode):
(hyperref)                removing `math shift' on input line 92.


LaTeX Warning: Reference `sec:detailed_historical_data' on page 3 undefined on 
input line 96.

</Users/danpost/debt_sustainability/output/sdsa/graphics/historical_trends_rg_s
.png, id=50, 867.24pt x 578.16pt>
File: /Users/danpost/debt_sustainability/output/sdsa/graphics/historical_trends
_rg_s.png Graphic file (type png)
<use /Users/danpost/debt_sustainability/output/sdsa/graphics/historical_trends_
rg_s.png>
Package pdftex.def Info: /Users/danpost/debt_sustainability/output/sdsa/graphic
s/historical_trends_rg_s.png  used on input line 100.
(pdftex.def)             Requested size: 305.33789pt x 203.55882pt.


[3 </Users/danpost/debt_sustainability/output/sdsa/graphics/historical_trends_r
g_s.png>]
</Users/danpost/debt_sustainability/output/sdsa/graphics/sdsa_debt_random_walk_
responsible.png, id=64, 867.24pt x 578.16pt>
File: /Users/danpost/debt_sustainability/output/sdsa/graphics/sdsa_debt_random_
walk_responsible.png Graphic file (type png)
<use /Users/danpost/debt_sustainability/output/sdsa/graphics/sdsa_debt_random_w
alk_responsible.png>
Package pdftex.def Info: /Users/danpost/debt_sustainability/output/sdsa/graphic
s/sdsa_debt_random_walk_responsible.png  used on input line 117.
(pdftex.def)             Requested size: 211.38832pt x 140.92262pt.
</Users/danpost/debt_sustainability/output/sdsa/graphics/sdsa_debt_random_walk_
irresponsible.png, id=65, 867.24pt x 578.16pt>
File: /Users/danpost/debt_sustainability/output/sdsa/graphics/sdsa_debt_random_
walk_irresponsible.png Graphic file (type png)
<use /Users/danpost/debt_sustainability/output/sdsa/graphics/sdsa_debt_random_w
alk_irresponsible.png>
Package pdftex.def Info: /Users/danpost/debt_sustainability/output/sdsa/graphic
s/sdsa_debt_random_walk_irresponsible.png  used on input line 122.
(pdftex.def)             Requested size: 211.38832pt x 140.92262pt.
</Users/danpost/debt_sustainability/output/sdsa/graphics/sdsa_debt_random_walk_
responsible_slope.png, id=66, 867.24pt x 578.16pt>
File: /Users/danpost/debt_sustainability/output/sdsa/graphics/sdsa_debt_random_
walk_responsible_slope.png Graphic file (type png)
<use /Users/danpost/debt_sustainability/output/sdsa/graphics/sdsa_debt_random_w
alk_responsible_slope.png>
Package pdftex.def Info: /Users/danpost/debt_sustainability/output/sdsa/graphic
s/sdsa_debt_random_walk_responsible_slope.png  used on input line 128.
(pdftex.def)             Requested size: 211.38832pt x 140.92262pt.
</Users/danpost/debt_sustainability/output/sdsa/graphics/sdsa_debt_random_walk_
irresponsible_slope.png, id=67, 867.24pt x 578.16pt>
File: /Users/danpost/debt_sustainability/output/sdsa/graphics/sdsa_debt_random_
walk_irresponsible_slope.png Graphic file (type png)
<use /Users/danpost/debt_sustainability/output/sdsa/graphics/sdsa_debt_random_w
alk_irresponsible_slope.png>
Package pdftex.def Info: /Users/danpost/debt_sustainability/output/sdsa/graphic
s/sdsa_debt_random_walk_irresponsible_slope.png  used on input line 133.
(pdftex.def)             Requested size: 211.38832pt x 140.92262pt.
</Users/danpost/debt_sustainability/output/sdsa/graphics/sdsa_debt_random_walk_
responsible_curvature.png, id=68, 867.24pt x 578.16pt>
File: /Users/danpost/debt_sustainability/output/sdsa/graphics/sdsa_debt_random_
walk_responsible_curvature.png Graphic file (type png)
<use /Users/danpost/debt_sustainability/output/sdsa/graphics/sdsa_debt_random_w
alk_responsible_curvature.png>
Package pdftex.def Info: /Users/danpost/debt_sustainability/output/sdsa/graphic
s/sdsa_debt_random_walk_responsible_curvature.png  used on input line 141.
(pdftex.def)             Requested size: 211.38832pt x 140.92262pt.
</Users/danpost/debt_sustainability/output/sdsa/graphics/sdsa_debt_random_walk_
irresponsible_curvature.png, id=69, 867.24pt x 578.16pt>
File: /Users/danpost/debt_sustainability/output/sdsa/graphics/sdsa_debt_random_
walk_irresponsible_curvature.png Graphic file (type png)
<use /Users/danpost/debt_sustainability/output/sdsa/graphics/sdsa_debt_random_w
alk_irresponsible_curvature.png>
Package pdftex.def Info: /Users/danpost/debt_sustainability/output/sdsa/graphic
s/sdsa_debt_random_walk_irresponsible_curvature.png  used on input line 146.
(pdftex.def)             Requested size: 211.38832pt x 140.92262pt.
</Users/danpost/debt_sustainability/output/sdsa/graphics/sdsa_debt_random_walk_
responsible_curvature_distribution.png, id=70, 867.24pt x 578.16pt>
File: /Users/danpost/debt_sustainability/output/sdsa/graphics/sdsa_debt_random_
walk_responsible_curvature_distribution.png Graphic file (type png)
<use /Users/danpost/debt_sustainability/output/sdsa/graphics/sdsa_debt_random_w
alk_responsible_curvature_distribution.png>
Package pdftex.def Info: /Users/danpost/debt_sustainability/output/sdsa/graphic
s/sdsa_debt_random_walk_responsible_curvature_distribution.png  used on input l
ine 152.
(pdftex.def)             Requested size: 211.38832pt x 140.92262pt.
</Users/danpost/debt_sustainability/output/sdsa/graphics/sdsa_debt_random_walk_
irresponsible_curvature_distribution.png, id=71, 867.24pt x 578.16pt>
File: /Users/danpost/debt_sustainability/output/sdsa/graphics/sdsa_debt_random_
walk_irresponsible_curvature_distribution.png Graphic file (type png)
<use /Users/danpost/debt_sustainability/output/sdsa/graphics/sdsa_debt_random_w
alk_irresponsible_curvature_distribution.png>
Package pdftex.def Info: /Users/danpost/debt_sustainability/output/sdsa/graphic
s/sdsa_debt_random_walk_irresponsible_curvature_distribution.png  used on input
 line 157.
(pdftex.def)             Requested size: 211.38832pt x 140.92262pt.


[4 </Users/danpost/debt_sustainability/output/sdsa/graphics/sdsa_debt_random_wa
lk_responsible.png> </Users/danpost/debt_sustainability/output/sdsa/graphics/sd
sa_debt_random_walk_irresponsible.png> </Users/danpost/debt_sustainability/outp
ut/sdsa/graphics/sdsa_debt_random_walk_responsible_slope.png> </Users/danpost/d
ebt_sustainability/output/sdsa/graphics/sdsa_debt_random_walk_irresponsible_slo
pe.png>]

[5 </Users/danpost/debt_sustainability/output/sdsa/graphics/sdsa_debt_random_wa
lk_responsible_curvature.png> </Users/danpost/debt_sustainability/output/sdsa/g
raphics/sdsa_debt_random_walk_irresponsible_curvature.png> </Users/danpost/debt
_sustainability/output/sdsa/graphics/sdsa_debt_random_walk_responsible_curvatur
e_distribution.png> </Users/danpost/debt_sustainability/output/sdsa/graphics/sd
sa_debt_random_walk_irresponsible_curvature_distribution.png>]

Package hyperref Warning: Token not allowed in a PDF string (Unicode):
(hyperref)                removing `math shift' on input line 167.


Package hyperref Warning: Token not allowed in a PDF string (Unicode):
(hyperref)                removing `math shift' on input line 167.


Package hyperref Warning: Token not allowed in a PDF string (Unicode):
(hyperref)                removing `math shift' on input line 167.


Package hyperref Warning: Token not allowed in a PDF string (Unicode):
(hyperref)                removing `math shift' on input line 167.


Package hyperref Warning: Token not allowed in a PDF string (Unicode):
(hyperref)                removing `math shift' on input line 167.


Package hyperref Warning: Token not allowed in a PDF string (Unicode):
(hyperref)                removing `math shift' on input line 167.



[6

]

LaTeX Warning: Reference `fig:debt_dynamics' on page 7 undefined on input line 
176.


LaTeX Warning: Reference `subfig:debt_dynamics_1' on page 7 undefined on input 
line 176.


LaTeX Warning: Reference `eq:b_basic' on page 7 undefined on input line 176.


LaTeX Warning: Reference `subfig:debt_dynamics_2' on page 7 undefined on input 
line 191.

</Users/danpost/debt_sustainability/output/sdsa/graphics/illustrative_debt_dyna
mics_1.png, id=98, 722.7pt x 722.7pt>
File: /Users/danpost/debt_sustainability/output/sdsa/graphics/illustrative_debt
_dynamics_1.png Graphic file (type png)
<use /Users/danpost/debt_sustainability/output/sdsa/graphics/illustrative_debt_
dynamics_1.png>
Package pdftex.def Info: /Users/danpost/debt_sustainability/output/sdsa/graphic
s/illustrative_debt_dynamics_1.png  used on input line 196.
(pdftex.def)             Requested size: 211.38832pt x 211.38614pt.
</Users/danpost/debt_sustainability/output/sdsa/graphics/illustrative_debt_dyna
mics_2.png, id=99, 722.7pt x 722.7pt>
File: /Users/danpost/debt_sustainability/output/sdsa/graphics/illustrative_debt
_dynamics_2.png Graphic file (type png)
<use /Users/danpost/debt_sustainability/output/sdsa/graphics/illustrative_debt_
dynamics_2.png>
Package pdftex.def Info: /Users/danpost/debt_sustainability/output/sdsa/graphic
s/illustrative_debt_dynamics_2.png  used on input line 202.
(pdftex.def)             Requested size: 211.38832pt x 211.38614pt.

Package hyperref Warning: Token not allowed in a PDF string (Unicode):
(hyperref)                removing `math shift' on input line 210.


Package hyperref Warning: Token not allowed in a PDF string (Unicode):
(hyperref)                removing `subscript' on input line 210.


Package hyperref Warning: Token not allowed in a PDF string (Unicode):
(hyperref)                removing `math shift' on input line 210.


Package hyperref Warning: Token not allowed in a PDF string (Unicode):
(hyperref)                removing `math shift' on input line 210.


Package hyperref Warning: Token not allowed in a PDF string (Unicode):
(hyperref)                removing `subscript' on input line 210.


Package hyperref Warning: Token not allowed in a PDF string (Unicode):
(hyperref)                removing `math shift' on input line 210.



[7

 </Users/danpost/debt_sustainability/output/sdsa/graphics/illustrative_debt_dyn
amics_1.png> </Users/danpost/debt_sustainability/output/sdsa/graphics/illustrat
ive_debt_dynamics_2.png>]

LaTeX Warning: Reference `subfig:random_walk_mean_rg' on page 8 undefined on in
put line 230.


LaTeX Warning: Reference `subfig:random_walk_rg_debt' on page 8 undefined on in
put line 230.

</Users/danpost/debt_sustainability/output/sdsa/graphics/sdsa_random_walk_mean_
rg.png, id=113, 722.7pt x 433.62pt>
File: /Users/danpost/debt_sustainability/output/sdsa/graphics/sdsa_random_walk_
mean_rg.png Graphic file (type png)
<use /Users/danpost/debt_sustainability/output/sdsa/graphics/sdsa_random_walk_m
ean_rg.png>
Package pdftex.def Info: /Users/danpost/debt_sustainability/output/sdsa/graphic
s/sdsa_random_walk_mean_rg.png  used on input line 234.
(pdftex.def)             Requested size: 211.38832pt x 126.83168pt.
</Users/danpost/debt_sustainability/output/sdsa/graphics/sdsa_random_walk_rg_va
rying_debt.png, id=114, 722.7pt x 433.62pt>
File: /Users/danpost/debt_sustainability/output/sdsa/graphics/sdsa_random_walk_
rg_varying_debt.png Graphic file (type png)
<use /Users/danpost/debt_sustainability/output/sdsa/graphics/sdsa_random_walk_r
g_varying_debt.png>
Package pdftex.def Info: /Users/danpost/debt_sustainability/output/sdsa/graphic
s/sdsa_random_walk_rg_varying_debt.png  used on input line 240.
(pdftex.def)             Requested size: 211.38832pt x 126.83168pt.

LaTeX Warning: Reference `subfig:random_walk_rg_debt' on page 8 undefined on in
put line 248.


LaTeX Warning: Reference `subfig:random_walk_distribution' on page 8 undefined 
on input line 267.


LaTeX Warning: Reference `subfig:random_walk_debt_path' on page 8 undefined on 
input line 267.

</Users/danpost/debt_sustainability/output/sdsa/graphics/sdsa_debt_random_walk_
distributions.png, id=115, 867.24pt x 578.16pt>
File: /Users/danpost/debt_sustainability/output/sdsa/graphics/sdsa_debt_random_
walk_distributions.png Graphic file (type png)
<use /Users/danpost/debt_sustainability/output/sdsa/graphics/sdsa_debt_random_w
alk_distributions.png>
Package pdftex.def Info: /Users/danpost/debt_sustainability/output/sdsa/graphic
s/sdsa_debt_random_walk_distributions.png  used on input line 271.
(pdftex.def)             Requested size: 211.38832pt x 140.92262pt.
</Users/danpost/debt_sustainability/output/sdsa/graphics/sdsa_debt_random_walk_
path.png, id=116, 867.24pt x 578.16pt>
File: /Users/danpost/debt_sustainability/output/sdsa/graphics/sdsa_debt_random_
walk_path.png Graphic file (type png)
<use /Users/danpost/debt_sustainability/output/sdsa/graphics/sdsa_debt_random_w
alk_path.png>
Package pdftex.def Info: /Users/danpost/debt_sustainability/output/sdsa/graphic
s/sdsa_debt_random_walk_path.png  used on input line 277.
(pdftex.def)             Requested size: 211.38832pt x 140.92262pt.


[8 </Users/danpost/debt_sustainability/output/sdsa/graphics/sdsa_random_walk_me
an_rg.png> </Users/danpost/debt_sustainability/output/sdsa/graphics/sdsa_random
_walk_rg_varying_debt.png>]

LaTeX Warning: Reference `fig:r_g_comparison' on page 9 undefined on input line
 292.

</Users/danpost/debt_sustainability/output/sdsa/graphics/g_comparison.png, id=1
29, 867.24pt x 433.62pt>
File: /Users/danpost/debt_sustainability/output/sdsa/graphics/g_comparison.png 
Graphic file (type png)
<use /Users/danpost/debt_sustainability/output/sdsa/graphics/g_comparison.png>
Package pdftex.def Info: /Users/danpost/debt_sustainability/output/sdsa/graphic
s/g_comparison.png  used on input line 297.
(pdftex.def)             Requested size: 225.4804pt x 112.73854pt.
</Users/danpost/debt_sustainability/output/sdsa/graphics/r_comparison.png, id=1
30, 867.24pt x 433.62pt>
File: /Users/danpost/debt_sustainability/output/sdsa/graphics/r_comparison.png 
Graphic file (type png)
<use /Users/danpost/debt_sustainability/output/sdsa/graphics/r_comparison.png>
Package pdftex.def Info: /Users/danpost/debt_sustainability/output/sdsa/graphic
s/r_comparison.png  used on input line 304.
(pdftex.def)             Requested size: 225.4804pt x 112.73854pt.


[9 </Users/danpost/debt_sustainability/output/sdsa/graphics/sdsa_debt_random_wa
lk_distributions.png> </Users/danpost/debt_sustainability/output/sdsa/graphics/
sdsa_debt_random_walk_path.png>]

LaTeX Warning: Reference `fig:forecasts_r' on page 10 undefined on input line 3
81.


LaTeX Warning: Reference `fig:forecasts_g' on page 10 undefined on input line 3
81.


LaTeX Warning: Reference `fig:forecasts_s' on page 10 undefined on input line 3
81.

</Users/danpost/debt_sustainability/output/sdsa/graphics/forecasts_r.png, id=15
9, 867.24pt x 433.62pt>
File: /Users/danpost/debt_sustainability/output/sdsa/graphics/forecasts_r.png G
raphic file (type png)
<use /Users/danpost/debt_sustainability/output/sdsa/graphics/forecasts_r.png>
Package pdftex.def Info: /Users/danpost/debt_sustainability/output/sdsa/graphic
s/forecasts_r.png  used on input line 388.
(pdftex.def)             Requested size: 281.85587pt x 140.92482pt.
</Users/danpost/debt_sustainability/output/sdsa/graphics/forecasts_g.png, id=16
0, 867.24pt x 433.62pt>
File: /Users/danpost/debt_sustainability/output/sdsa/graphics/forecasts_g.png G
raphic file (type png)
<use /Users/danpost/debt_sustainability/output/sdsa/graphics/forecasts_g.png>
Package pdftex.def Info: /Users/danpost/debt_sustainability/output/sdsa/graphic
s/forecasts_g.png  used on input line 397.
(pdftex.def)             Requested size: 281.85587pt x 140.92482pt.
</Users/danpost/debt_sustainability/output/sdsa/graphics/forecasts_s.png, id=16
1, 867.24pt x 433.62pt>
File: /Users/danpost/debt_sustainability/output/sdsa/graphics/forecasts_s.png G
raphic file (type png)
<use /Users/danpost/debt_sustainability/output/sdsa/graphics/forecasts_s.png>
Package pdftex.def Info: /Users/danpost/debt_sustainability/output/sdsa/graphic
s/forecasts_s.png  used on input line 406.
(pdftex.def)             Requested size: 281.85587pt x 140.92482pt.


[10 </Users/danpost/debt_sustainability/output/sdsa/graphics/g_comparison.png> 
</Users/danpost/debt_sustainability/output/sdsa/graphics/r_comparison.png>]

[11 </Users/danpost/debt_sustainability/output/sdsa/graphics/forecasts_r.png> <
/Users/danpost/debt_sustainability/output/sdsa/graphics/forecasts_g.png> </User
s/danpost/debt_sustainability/output/sdsa/graphics/forecasts_s.png>]

LaTeX Warning: Reference `fig:rolling_betas' on page 12 undefined on input line
 429.

</Users/danpost/debt_sustainability/output/sdsa/graphics/rolling_betas.png, id=
185, 794.97pt x 650.43pt>
File: /Users/danpost/debt_sustainability/output/sdsa/graphics/rolling_betas.png
 Graphic file (type png)
<use /Users/danpost/debt_sustainability/output/sdsa/graphics/rolling_betas.png>

Package pdftex.def Info: /Users/danpost/debt_sustainability/output/sdsa/graphic
s/rolling_betas.png  used on input line 433.
(pdftex.def)             Requested size: 375.80544pt x 307.48859pt.

LaTeX Warning: Reference `fig:rolling_betas' on page 12 undefined on input line
 438.



[12 </Users/danpost/debt_sustainability/output/sdsa/graphics/rolling_betas.png>
]

Package hyperref Warning: Token not allowed in a PDF string (Unicode):
(hyperref)                removing `math shift' on input line 440.


Package hyperref Warning: Token not allowed in a PDF string (Unicode):
(hyperref)                removing `math shift' on input line 440.



[13] (./sdsa_brief.aux)
 ***********
LaTeX2e <2024-11-01> patch level 2
L3 programming layer <2025-01-18>
 ***********


LaTeX Warning: There were undefined references.


LaTeX Warning: Label(s) may have changed. Rerun to get cross-references right.


Package rerunfilecheck Warning: File `sdsa_brief.out' has changed.
(rerunfilecheck)                Rerun to get outlines right
(rerunfilecheck)                or use package `bookmark'.

Package rerunfilecheck Info: Checksums for `sdsa_brief.out':
(rerunfilecheck)             Before: D41D8CD98F00B204E9800998ECF8427E;0
(rerunfilecheck)             After:  6C2C7BF6DF6AB796C894C587A84D7CBB;4335.

Package biblatex Warning: Please (re)run BibTeX on the file(s):
(biblatex)                sdsa_brief
(biblatex)                and rerun LaTeX afterwards.

Package logreq Info: Writing requests to 'sdsa_brief.run.xml'.
\openout1 = `sdsa_brief.run.xml'.

 ) 
Here is how much of TeX's memory you used:
 19028 strings out of 473190
 347934 string characters out of 5715801
 956727 words of memory out of 5000000
 42027 multiletter control sequences out of 15000+600000
 568762 words of font info for 70 fonts, out of 8000000 for 9000
 1141 hyphenation exceptions out of 8191
 67i,14n,81p,1887b,1441s stack positions out of 10000i,1000n,20000p,200000b,200000s

pdfTeX warning (dest): name{cite.0@Blanchard2023} has been referenced but does 
not exist, replaced by a fixed one

</usr/local/texlive/2025/texmf-dist/fonts/type1/public/amsfonts/cm/cmbx10.pfb><
/usr/local/texlive/2025/texmf-dist/fonts/type1/public/amsfonts/cm/cmbx12.pfb></
usr/local/texlive/2025/texmf-dist/fonts/type1/public/amsfonts/cm/cmbx7.pfb></us
r/local/texlive/2025/texmf-dist/fonts/type1/public/amsfonts/cm/cmbx8.pfb></usr/
local/texlive/2025/texmf-dist/fonts/type1/public/amsfonts/cm/cmmi10.pfb></usr/l
ocal/texlive/2025/texmf-dist/fonts/type1/public/amsfonts/cm/cmmi12.pfb></usr/lo
cal/texlive/2025/texmf-dist/fonts/type1/public/amsfonts/cm/cmmi7.pfb></usr/loca
l/texlive/2025/texmf-dist/fonts/type1/public/amsfonts/cm/cmmi8.pfb></usr/local/
texlive/2025/texmf-dist/fonts/type1/public/amsfonts/cm/cmmi9.pfb></usr/local/te
xlive/2025/texmf-dist/fonts/type1/public/amsfonts/cm/cmr10.pfb></usr/local/texl
ive/2025/texmf-dist/fonts/type1/public/amsfonts/cm/cmr12.pfb></usr/local/texliv
e/2025/texmf-dist/fonts/type1/public/amsfonts/cm/cmr17.pfb></usr/local/texlive/
2025/texmf-dist/fonts/type1/public/amsfonts/cm/cmr6.pfb></usr/local/texlive/202
5/texmf-dist/fonts/type1/public/amsfonts/cm/cmr7.pfb></usr/local/texlive/2025/t
exmf-dist/fonts/type1/public/amsfonts/cm/cmr8.pfb></usr/local/texlive/2025/texm
f-dist/fonts/type1/public/amsfonts/cm/cmr9.pfb></usr/local/texlive/2025/texmf-d
ist/fonts/type1/public/amsfonts/cm/cmsy10.pfb></usr/local/texlive/2025/texmf-di
st/fonts/type1/public/amsfonts/cm/cmsy7.pfb></usr/local/texlive/2025/texmf-dist
/fonts/type1/public/amsfonts/cm/cmti10.pfb></usr/local/texlive/2025/texmf-dist/
fonts/type1/public/cm-super/sfrm0800.pfb></usr/local/texlive/2025/texmf-dist/fo
nts/type1/public/cm-super/sfrm1000.pfb>
Output written on sdsa_brief.pdf (13 pages, 5284079 bytes).
PDF statistics:
 309 PDF objects out of 1000 (max. 8388607)
 196 compressed objects within 2 object streams
 63 named destinations out of 1000 (max. 500000)
 106 words of extra memory for PDF output out of 10000 (max. 10000000)

